25-Jul-2024 11:42:45.019 INFO [main] org.apache.catalina.startup.VersionLoggerListener.log Server version name:   Apache Tomcat/9.0.64
25-Jul-2024 11:42:45.029 INFO [main] org.apache.catalina.startup.VersionLoggerListener.log Server built:          Jun 2 2022 19:08:46 UTC
25-Jul-2024 11:42:45.029 INFO [main] org.apache.catalina.startup.VersionLoggerListener.log Server version number: 9.0.64.0
25-Jul-2024 11:42:45.030 INFO [main] org.apache.catalina.startup.VersionLoggerListener.log OS Name:               Windows 10
25-Jul-2024 11:42:45.030 INFO [main] org.apache.catalina.startup.VersionLoggerListener.log OS Version:            10.0
25-Jul-2024 11:42:45.030 INFO [main] org.apache.catalina.startup.VersionLoggerListener.log Architecture:          amd64
25-Jul-2024 11:42:45.031 INFO [main] org.apache.catalina.startup.VersionLoggerListener.log Java Home:             D:\Devopstools&Softwares\openlogic-openjdk-11.0.19+7-windows-x64
25-Jul-2024 11:42:45.031 INFO [main] org.apache.catalina.startup.VersionLoggerListener.log JVM Version:           11.0.19+7-adhoc..jdk11u
25-Jul-2024 11:42:45.031 INFO [main] org.apache.catalina.startup.VersionLoggerListener.log JVM Vendor:            OpenLogic
25-Jul-2024 11:42:45.032 INFO [main] org.apache.catalina.startup.VersionLoggerListener.log CATALINA_BASE:         D:\apache-tomcat-9.0.64
25-Jul-2024 11:42:45.032 INFO [main] org.apache.catalina.startup.VersionLoggerListener.log CATALINA_HOME:         D:\apache-tomcat-9.0.64
25-Jul-2024 11:42:45.296 INFO [main] org.apache.catalina.startup.VersionLoggerListener.log Command line argument: --add-opens=java.base/java.lang=ALL-UNNAMED
25-Jul-2024 11:42:45.297 INFO [main] org.apache.catalina.startup.VersionLoggerListener.log Command line argument: --add-opens=java.base/java.io=ALL-UNNAMED
25-Jul-2024 11:42:45.299 INFO [main] org.apache.catalina.startup.VersionLoggerListener.log Command line argument: --add-opens=java.base/java.util=ALL-UNNAMED
25-Jul-2024 11:42:45.299 INFO [main] org.apache.catalina.startup.VersionLoggerListener.log Command line argument: --add-opens=java.base/java.util.concurrent=ALL-UNNAMED
25-Jul-2024 11:42:45.300 INFO [main] org.apache.catalina.startup.VersionLoggerListener.log Command line argument: --add-opens=java.rmi/sun.rmi.transport=ALL-UNNAMED
25-Jul-2024 11:42:45.301 INFO [main] org.apache.catalina.startup.VersionLoggerListener.log Command line argument: -Djava.util.logging.config.file=D:\apache-tomcat-9.0.64\conf\logging.properties
25-Jul-2024 11:42:45.301 INFO [main] org.apache.catalina.startup.VersionLoggerListener.log Command line argument: -Djava.util.logging.manager=org.apache.juli.ClassLoaderLogManager
25-Jul-2024 11:42:45.302 INFO [main] org.apache.catalina.startup.VersionLoggerListener.log Command line argument: -Djdk.tls.ephemeralDHKeySize=2048
25-Jul-2024 11:42:45.302 INFO [main] org.apache.catalina.startup.VersionLoggerListener.log Command line argument: -Djava.protocol.handler.pkgs=org.apache.catalina.webresources
25-Jul-2024 11:42:45.303 INFO [main] org.apache.catalina.startup.VersionLoggerListener.log Command line argument: -Dignore.endorsed.dirs=
25-Jul-2024 11:42:45.303 INFO [main] org.apache.catalina.startup.VersionLoggerListener.log Command line argument: -Dcatalina.base=D:\apache-tomcat-9.0.64
25-Jul-2024 11:42:45.303 INFO [main] org.apache.catalina.startup.VersionLoggerListener.log Command line argument: -Dcatalina.home=D:\apache-tomcat-9.0.64
25-Jul-2024 11:42:45.304 INFO [main] org.apache.catalina.startup.VersionLoggerListener.log Command line argument: -Djava.io.tmpdir=D:\apache-tomcat-9.0.64\temp
25-Jul-2024 11:42:45.442 INFO [main] org.apache.catalina.core.AprLifecycleListener.lifecycleEvent Loaded Apache Tomcat Native library [1.2.33] using APR version [1.7.0].
25-Jul-2024 11:42:45.442 INFO [main] org.apache.catalina.core.AprLifecycleListener.lifecycleEvent APR capabilities: IPv6 [true], sendfile [true], accept filters [false], random [true], UDS [true].
25-Jul-2024 11:42:45.443 INFO [main] org.apache.catalina.core.AprLifecycleListener.lifecycleEvent APR/OpenSSL configuration: useAprConnector [false], useOpenSSL [true]
25-Jul-2024 11:42:45.544 INFO [main] org.apache.catalina.core.AprLifecycleListener.initializeSSL OpenSSL successfully initialized [OpenSSL 1.1.1o  3 May 2022]
25-Jul-2024 11:42:46.869 INFO [main] org.apache.coyote.AbstractProtocol.init Initializing ProtocolHandler ["http-nio-8080"]
25-Jul-2024 11:42:47.066 INFO [main] org.apache.catalina.startup.Catalina.load Server initialization in [2973] milliseconds
25-Jul-2024 11:42:47.472 INFO [main] org.apache.catalina.core.StandardService.startInternal Starting service [Catalina]
25-Jul-2024 11:42:47.474 INFO [main] org.apache.catalina.core.StandardEngine.startInternal Starting Servlet engine: [Apache Tomcat/9.0.64]
25-Jul-2024 11:42:47.526 INFO [main] org.apache.catalina.startup.HostConfig.deployDirectory Deploying web application directory [D:\apache-tomcat-9.0.64\webapps\docs]
25-Jul-2024 11:42:49.461 WARNING [main] org.apache.catalina.util.SessionIdGeneratorBase.createSecureRandom Creation of SecureRandom instance for session ID generation using [SHA1PRNG] took [428] milliseconds.
25-Jul-2024 11:42:49.597 INFO [main] org.apache.catalina.startup.HostConfig.deployDirectory Deployment of web application directory [D:\apache-tomcat-9.0.64\webapps\docs] has finished in [2,071] ms
25-Jul-2024 11:42:49.599 INFO [main] org.apache.catalina.startup.HostConfig.deployDirectory Deploying web application directory [D:\apache-tomcat-9.0.64\webapps\examples]
25-Jul-2024 11:43:01.833 INFO [main] org.apache.catalina.startup.HostConfig.deployDirectory Deployment of web application directory [D:\apache-tomcat-9.0.64\webapps\examples] has finished in [12,233] ms
25-Jul-2024 11:43:01.835 INFO [main] org.apache.catalina.startup.HostConfig.deployDirectory Deploying web application directory [D:\apache-tomcat-9.0.64\webapps\host-manager]
25-Jul-2024 11:43:02.161 INFO [main] org.apache.catalina.startup.HostConfig.deployDirectory Deployment of web application directory [D:\apache-tomcat-9.0.64\webapps\host-manager] has finished in [326] ms
25-Jul-2024 11:43:02.819 INFO [main] org.apache.catalina.startup.HostConfig.deployDirectory Deploying web application directory [D:\apache-tomcat-9.0.64\webapps\manager]
25-Jul-2024 11:43:03.093 INFO [main] org.apache.catalina.startup.HostConfig.deployDirectory Deployment of web application directory [D:\apache-tomcat-9.0.64\webapps\manager] has finished in [273] ms
25-Jul-2024 11:43:03.096 INFO [main] org.apache.catalina.startup.HostConfig.deployDirectory Deploying web application directory [D:\apache-tomcat-9.0.64\webapps\ROOT]
25-Jul-2024 11:43:03.271 INFO [main] org.apache.catalina.startup.HostConfig.deployDirectory Deployment of web application directory [D:\apache-tomcat-9.0.64\webapps\ROOT] has finished in [174] ms
25-Jul-2024 11:43:03.329 INFO [main] org.apache.coyote.AbstractProtocol.start Starting ProtocolHandler ["http-nio-8080"]
25-Jul-2024 11:43:04.673 INFO [main] org.apache.catalina.startup.Catalina.start Server startup in [17600] milliseconds
25-Jul-2024 11:48:23.101 INFO [http-nio-8080-exec-9] org.apache.catalina.startup.HostConfig.deployWAR Deploying web application archive [D:\apache-tomcat-9.0.64\webapps\Devopsbatch-0.0.1-SNAPSHOT.war]
25-Jul-2024 11:48:23.929 INFO [http-nio-8080-exec-9] org.apache.catalina.startup.HostConfig.deployWAR Deployment of web application archive [D:\apache-tomcat-9.0.64\webapps\Devopsbatch-0.0.1-SNAPSHOT.war] has finished in [829] ms
25-Jul-2024 11:51:57.084 INFO [main] org.apache.catalina.core.StandardServer.await A valid shutdown command was received via the shutdown port. Stopping the Server instance.
25-Jul-2024 11:51:57.085 INFO [main] org.apache.coyote.AbstractProtocol.pause Pausing ProtocolHandler ["http-nio-8080"]
25-Jul-2024 11:51:57.676 INFO [main] org.apache.catalina.core.StandardService.stopInternal Stopping service [Catalina]
25-Jul-2024 11:51:57.998 INFO [main] org.apache.coyote.AbstractProtocol.stop Stopping ProtocolHandler ["http-nio-8080"]
25-Jul-2024 11:51:58.015 INFO [main] org.apache.coyote.AbstractProtocol.destroy Destroying ProtocolHandler ["http-nio-8080"]
