30-Aug-2024 11:40:25.859 INFO [main] org.apache.catalina.startup.VersionLoggerListener.log Server version name:   Apache Tomcat/9.0.64
30-Aug-2024 11:40:25.961 INFO [main] org.apache.catalina.startup.VersionLoggerListener.log Server built:          Jun 2 2022 19:08:46 UTC
30-Aug-2024 11:40:25.963 INFO [main] org.apache.catalina.startup.VersionLoggerListener.log Server version number: 9.0.64.0
30-Aug-2024 11:40:25.965 INFO [main] org.apache.catalina.startup.VersionLoggerListener.log OS Name:               Windows 10
30-Aug-2024 11:40:25.967 INFO [main] org.apache.catalina.startup.VersionLoggerListener.log OS Version:            10.0
30-Aug-2024 11:40:25.969 INFO [main] org.apache.catalina.startup.VersionLoggerListener.log Architecture:          amd64
30-Aug-2024 11:40:25.969 INFO [main] org.apache.catalina.startup.VersionLoggerListener.log Java Home:             D:\Devopstools&Softwares\openlogic-openjdk-11.0.19+7-windows-x64
30-Aug-2024 11:40:25.969 INFO [main] org.apache.catalina.startup.VersionLoggerListener.log JVM Version:           11.0.19+7-adhoc..jdk11u
30-Aug-2024 11:40:25.990 INFO [main] org.apache.catalina.startup.VersionLoggerListener.log JVM Vendor:            OpenLogic
30-Aug-2024 11:40:25.994 INFO [main] org.apache.catalina.startup.VersionLoggerListener.log CATALINA_BASE:         D:\apache-tomcat-9.0.64
30-Aug-2024 11:40:25.995 INFO [main] org.apache.catalina.startup.VersionLoggerListener.log CATALINA_HOME:         D:\apache-tomcat-9.0.64
30-Aug-2024 11:40:26.263 INFO [main] org.apache.catalina.startup.VersionLoggerListener.log Command line argument: --add-opens=java.base/java.lang=ALL-UNNAMED
30-Aug-2024 11:40:26.279 INFO [main] org.apache.catalina.startup.VersionLoggerListener.log Command line argument: --add-opens=java.base/java.io=ALL-UNNAMED
30-Aug-2024 11:40:26.292 INFO [main] org.apache.catalina.startup.VersionLoggerListener.log Command line argument: --add-opens=java.base/java.util=ALL-UNNAMED
30-Aug-2024 11:40:26.293 INFO [main] org.apache.catalina.startup.VersionLoggerListener.log Command line argument: --add-opens=java.base/java.util.concurrent=ALL-UNNAMED
30-Aug-2024 11:40:26.294 INFO [main] org.apache.catalina.startup.VersionLoggerListener.log Command line argument: --add-opens=java.rmi/sun.rmi.transport=ALL-UNNAMED
30-Aug-2024 11:40:26.296 INFO [main] org.apache.catalina.startup.VersionLoggerListener.log Command line argument: -Djava.util.logging.config.file=D:\apache-tomcat-9.0.64\conf\logging.properties
30-Aug-2024 11:40:26.298 INFO [main] org.apache.catalina.startup.VersionLoggerListener.log Command line argument: -Djava.util.logging.manager=org.apache.juli.ClassLoaderLogManager
30-Aug-2024 11:40:26.304 INFO [main] org.apache.catalina.startup.VersionLoggerListener.log Command line argument: -Djdk.tls.ephemeralDHKeySize=2048
30-Aug-2024 11:40:26.312 INFO [main] org.apache.catalina.startup.VersionLoggerListener.log Command line argument: -Djava.protocol.handler.pkgs=org.apache.catalina.webresources
30-Aug-2024 11:40:26.325 INFO [main] org.apache.catalina.startup.VersionLoggerListener.log Command line argument: -Dignore.endorsed.dirs=
30-Aug-2024 11:40:26.326 INFO [main] org.apache.catalina.startup.VersionLoggerListener.log Command line argument: -Dcatalina.base=D:\apache-tomcat-9.0.64
30-Aug-2024 11:40:26.326 INFO [main] org.apache.catalina.startup.VersionLoggerListener.log Command line argument: -Dcatalina.home=D:\apache-tomcat-9.0.64
30-Aug-2024 11:40:26.327 INFO [main] org.apache.catalina.startup.VersionLoggerListener.log Command line argument: -Djava.io.tmpdir=D:\apache-tomcat-9.0.64\temp
30-Aug-2024 11:40:26.496 INFO [main] org.apache.catalina.core.AprLifecycleListener.lifecycleEvent Loaded Apache Tomcat Native library [1.2.33] using APR version [1.7.0].
30-Aug-2024 11:40:26.496 INFO [main] org.apache.catalina.core.AprLifecycleListener.lifecycleEvent APR capabilities: IPv6 [true], sendfile [true], accept filters [false], random [true], UDS [true].
30-Aug-2024 11:40:26.497 INFO [main] org.apache.catalina.core.AprLifecycleListener.lifecycleEvent APR/OpenSSL configuration: useAprConnector [false], useOpenSSL [true]
30-Aug-2024 11:40:26.565 INFO [main] org.apache.catalina.core.AprLifecycleListener.initializeSSL OpenSSL successfully initialized [OpenSSL 1.1.1o  3 May 2022]
30-Aug-2024 11:40:30.864 INFO [main] org.apache.coyote.AbstractProtocol.init Initializing ProtocolHandler ["http-nio-8080"]
30-Aug-2024 11:40:31.174 INFO [main] org.apache.catalina.startup.Catalina.load Server initialization in [9664] milliseconds
30-Aug-2024 11:40:31.644 INFO [main] org.apache.catalina.core.StandardService.startInternal Starting service [Catalina]
30-Aug-2024 11:40:31.652 INFO [main] org.apache.catalina.core.StandardEngine.startInternal Starting Servlet engine: [Apache Tomcat/9.0.64]
30-Aug-2024 11:40:32.013 INFO [main] org.apache.catalina.startup.HostConfig.deployWAR Deploying web application archive [D:\apache-tomcat-9.0.64\webapps\Devopsbatch-0.0.1-SNAPSHOT.war]
30-Aug-2024 11:40:36.629 WARNING [main] org.apache.catalina.util.SessionIdGeneratorBase.createSecureRandom Creation of SecureRandom instance for session ID generation using [SHA1PRNG] took [898] milliseconds.
30-Aug-2024 11:40:36.772 INFO [main] org.apache.catalina.startup.HostConfig.deployWAR Deployment of web application archive [D:\apache-tomcat-9.0.64\webapps\Devopsbatch-0.0.1-SNAPSHOT.war] has finished in [4,758] ms
30-Aug-2024 11:40:36.775 INFO [main] org.apache.catalina.startup.HostConfig.deployDirectory Deploying web application directory [D:\apache-tomcat-9.0.64\webapps\docs]
30-Aug-2024 11:40:36.994 INFO [main] org.apache.catalina.startup.HostConfig.deployDirectory Deployment of web application directory [D:\apache-tomcat-9.0.64\webapps\docs] has finished in [218] ms
30-Aug-2024 11:40:36.995 INFO [main] org.apache.catalina.startup.HostConfig.deployDirectory Deploying web application directory [D:\apache-tomcat-9.0.64\webapps\examples]
30-Aug-2024 11:40:45.406 INFO [main] org.apache.catalina.startup.HostConfig.deployDirectory Deployment of web application directory [D:\apache-tomcat-9.0.64\webapps\examples] has finished in [8,407] ms
30-Aug-2024 11:40:45.433 INFO [main] org.apache.catalina.startup.HostConfig.deployDirectory Deploying web application directory [D:\apache-tomcat-9.0.64\webapps\host-manager]
30-Aug-2024 11:40:46.009 INFO [main] org.apache.catalina.startup.HostConfig.deployDirectory Deployment of web application directory [D:\apache-tomcat-9.0.64\webapps\host-manager] has finished in [554] ms
30-Aug-2024 11:40:46.024 INFO [main] org.apache.catalina.startup.HostConfig.deployDirectory Deploying web application directory [D:\apache-tomcat-9.0.64\webapps\manager]
30-Aug-2024 11:40:46.487 INFO [main] org.apache.catalina.startup.HostConfig.deployDirectory Deployment of web application directory [D:\apache-tomcat-9.0.64\webapps\manager] has finished in [470] ms
30-Aug-2024 11:40:46.489 INFO [main] org.apache.catalina.startup.HostConfig.deployDirectory Deploying web application directory [D:\apache-tomcat-9.0.64\webapps\ROOT]
30-Aug-2024 11:40:46.659 INFO [main] org.apache.catalina.startup.HostConfig.deployDirectory Deployment of web application directory [D:\apache-tomcat-9.0.64\webapps\ROOT] has finished in [170] ms
30-Aug-2024 11:40:46.694 INFO [main] org.apache.coyote.AbstractProtocol.start Starting ProtocolHandler ["http-nio-8080"]
30-Aug-2024 11:40:47.746 INFO [main] org.apache.catalina.startup.Catalina.start Server startup in [16569] milliseconds
