09-Jul-2024 10:23:47.632 INFO [main] org.apache.catalina.startup.VersionLoggerListener.log Server version name:   Apache Tomcat/9.0.64
09-Jul-2024 10:23:47.640 INFO [main] org.apache.catalina.startup.VersionLoggerListener.log Server built:          Jun 2 2022 19:08:46 UTC
09-Jul-2024 10:23:47.641 INFO [main] org.apache.catalina.startup.VersionLoggerListener.log Server version number: 9.0.64.0
09-Jul-2024 10:23:47.641 INFO [main] org.apache.catalina.startup.VersionLoggerListener.log OS Name:               Windows 10
09-Jul-2024 10:23:47.641 INFO [main] org.apache.catalina.startup.VersionLoggerListener.log OS Version:            10.0
09-Jul-2024 10:23:47.642 INFO [main] org.apache.catalina.startup.VersionLoggerListener.log Architecture:          amd64
09-Jul-2024 10:23:47.643 INFO [main] org.apache.catalina.startup.VersionLoggerListener.log Java Home:             D:\Devopstools&Softwares\openlogic-openjdk-11.0.19+7-windows-x64
09-Jul-2024 10:23:47.644 INFO [main] org.apache.catalina.startup.VersionLoggerListener.log JVM Version:           11.0.19+7-adhoc..jdk11u
09-Jul-2024 10:23:47.644 INFO [main] org.apache.catalina.startup.VersionLoggerListener.log JVM Vendor:            OpenLogic
09-Jul-2024 10:23:47.644 INFO [main] org.apache.catalina.startup.VersionLoggerListener.log CATALINA_BASE:         D:\apache-tomcat-9.0.64
09-Jul-2024 10:23:47.645 INFO [main] org.apache.catalina.startup.VersionLoggerListener.log CATALINA_HOME:         D:\apache-tomcat-9.0.64
09-Jul-2024 10:23:47.922 INFO [main] org.apache.catalina.startup.VersionLoggerListener.log Command line argument: --add-opens=java.base/java.lang=ALL-UNNAMED
09-Jul-2024 10:23:47.923 INFO [main] org.apache.catalina.startup.VersionLoggerListener.log Command line argument: --add-opens=java.base/java.io=ALL-UNNAMED
09-Jul-2024 10:23:47.923 INFO [main] org.apache.catalina.startup.VersionLoggerListener.log Command line argument: --add-opens=java.base/java.util=ALL-UNNAMED
09-Jul-2024 10:23:47.924 INFO [main] org.apache.catalina.startup.VersionLoggerListener.log Command line argument: --add-opens=java.base/java.util.concurrent=ALL-UNNAMED
09-Jul-2024 10:23:47.924 INFO [main] org.apache.catalina.startup.VersionLoggerListener.log Command line argument: --add-opens=java.rmi/sun.rmi.transport=ALL-UNNAMED
09-Jul-2024 10:23:47.925 INFO [main] org.apache.catalina.startup.VersionLoggerListener.log Command line argument: -Djava.util.logging.config.file=D:\apache-tomcat-9.0.64\conf\logging.properties
09-Jul-2024 10:23:47.925 INFO [main] org.apache.catalina.startup.VersionLoggerListener.log Command line argument: -Djava.util.logging.manager=org.apache.juli.ClassLoaderLogManager
09-Jul-2024 10:23:47.926 INFO [main] org.apache.catalina.startup.VersionLoggerListener.log Command line argument: -Djdk.tls.ephemeralDHKeySize=2048
09-Jul-2024 10:23:47.926 INFO [main] org.apache.catalina.startup.VersionLoggerListener.log Command line argument: -Djava.protocol.handler.pkgs=org.apache.catalina.webresources
09-Jul-2024 10:23:47.926 INFO [main] org.apache.catalina.startup.VersionLoggerListener.log Command line argument: -Dignore.endorsed.dirs=
09-Jul-2024 10:23:47.927 INFO [main] org.apache.catalina.startup.VersionLoggerListener.log Command line argument: -Dcatalina.base=D:\apache-tomcat-9.0.64
09-Jul-2024 10:23:47.927 INFO [main] org.apache.catalina.startup.VersionLoggerListener.log Command line argument: -Dcatalina.home=D:\apache-tomcat-9.0.64
09-Jul-2024 10:23:47.927 INFO [main] org.apache.catalina.startup.VersionLoggerListener.log Command line argument: -Djava.io.tmpdir=D:\apache-tomcat-9.0.64\temp
09-Jul-2024 10:23:48.507 INFO [main] org.apache.catalina.core.AprLifecycleListener.lifecycleEvent Loaded Apache Tomcat Native library [1.2.33] using APR version [1.7.0].
09-Jul-2024 10:23:48.509 INFO [main] org.apache.catalina.core.AprLifecycleListener.lifecycleEvent APR capabilities: IPv6 [true], sendfile [true], accept filters [false], random [true], UDS [true].
09-Jul-2024 10:23:48.510 INFO [main] org.apache.catalina.core.AprLifecycleListener.lifecycleEvent APR/OpenSSL configuration: useAprConnector [false], useOpenSSL [true]
09-Jul-2024 10:23:48.586 INFO [main] org.apache.catalina.core.AprLifecycleListener.initializeSSL OpenSSL successfully initialized [OpenSSL 1.1.1o  3 May 2022]
09-Jul-2024 10:23:52.972 INFO [main] org.apache.coyote.AbstractProtocol.init Initializing ProtocolHandler ["http-nio-8080"]
09-Jul-2024 10:23:53.389 INFO [main] org.apache.catalina.startup.Catalina.load Server initialization in [8831] milliseconds
09-Jul-2024 10:23:54.025 INFO [main] org.apache.catalina.core.StandardService.startInternal Starting service [Catalina]
09-Jul-2024 10:23:54.025 INFO [main] org.apache.catalina.core.StandardEngine.startInternal Starting Servlet engine: [Apache Tomcat/9.0.64]
09-Jul-2024 10:23:54.072 INFO [main] org.apache.catalina.startup.HostConfig.deployDirectory Deploying web application directory [D:\apache-tomcat-9.0.64\webapps\docs]
09-Jul-2024 10:23:56.679 WARNING [main] org.apache.catalina.util.SessionIdGeneratorBase.createSecureRandom Creation of SecureRandom instance for session ID generation using [SHA1PRNG] took [664] milliseconds.
09-Jul-2024 10:23:56.820 INFO [main] org.apache.catalina.startup.HostConfig.deployDirectory Deployment of web application directory [D:\apache-tomcat-9.0.64\webapps\docs] has finished in [2,748] ms
09-Jul-2024 10:23:56.821 INFO [main] org.apache.catalina.startup.HostConfig.deployDirectory Deploying web application directory [D:\apache-tomcat-9.0.64\webapps\examples]
09-Jul-2024 10:24:11.952 INFO [main] org.apache.catalina.startup.HostConfig.deployDirectory Deployment of web application directory [D:\apache-tomcat-9.0.64\webapps\examples] has finished in [15,131] ms
09-Jul-2024 10:24:11.952 INFO [main] org.apache.catalina.startup.HostConfig.deployDirectory Deploying web application directory [D:\apache-tomcat-9.0.64\webapps\host-manager]
09-Jul-2024 10:24:12.192 INFO [main] org.apache.catalina.startup.HostConfig.deployDirectory Deployment of web application directory [D:\apache-tomcat-9.0.64\webapps\host-manager] has finished in [240] ms
09-Jul-2024 10:24:12.200 INFO [main] org.apache.catalina.startup.HostConfig.deployDirectory Deploying web application directory [D:\apache-tomcat-9.0.64\webapps\manager]
09-Jul-2024 10:24:12.465 INFO [main] org.apache.catalina.startup.HostConfig.deployDirectory Deployment of web application directory [D:\apache-tomcat-9.0.64\webapps\manager] has finished in [263] ms
09-Jul-2024 10:24:12.475 INFO [main] org.apache.catalina.startup.HostConfig.deployDirectory Deploying web application directory [D:\apache-tomcat-9.0.64\webapps\ROOT]
09-Jul-2024 10:24:12.718 INFO [main] org.apache.catalina.startup.HostConfig.deployDirectory Deployment of web application directory [D:\apache-tomcat-9.0.64\webapps\ROOT] has finished in [239] ms
09-Jul-2024 10:24:12.742 INFO [main] org.apache.coyote.AbstractProtocol.start Starting ProtocolHandler ["http-nio-8080"]
09-Jul-2024 10:24:14.037 INFO [main] org.apache.catalina.startup.Catalina.start Server startup in [20641] milliseconds
09-Jul-2024 10:33:59.220 INFO [http-nio-8080-exec-5] org.apache.catalina.startup.HostConfig.deployWAR Deploying web application archive [D:\apache-tomcat-9.0.64\webapps\Devopsbatch-0.0.1-SNAPSHOT.war]
09-Jul-2024 10:34:45.142 SEVERE [http-nio-8080-exec-5] org.apache.tomcat.util.digester.Digester.fatalError Parse fatal error at line [1] column [39]
	org.xml.sax.SAXParseException; systemId: file:/D:/apache-tomcat-9.0.64/webapps/Devopsbatch-0.0.1-SNAPSHOT/WEB-INF/web.xml; lineNumber: 1; columnNumber: 39; Premature end of file.
		at java.xml/com.sun.org.apache.xerces.internal.util.ErrorHandlerWrapper.createSAXParseException(ErrorHandlerWrapper.java:204)
		at java.xml/com.sun.org.apache.xerces.internal.util.ErrorHandlerWrapper.fatalError(ErrorHandlerWrapper.java:178)
		at java.xml/com.sun.org.apache.xerces.internal.impl.XMLErrorReporter.reportError(XMLErrorReporter.java:400)
		at java.xml/com.sun.org.apache.xerces.internal.impl.XMLErrorReporter.reportError(XMLErrorReporter.java:327)
		at java.xml/com.sun.org.apache.xerces.internal.impl.XMLScanner.reportFatalError(XMLScanner.java:1465)
		at java.xml/com.sun.org.apache.xerces.internal.impl.XMLDocumentScannerImpl$PrologDriver.next(XMLDocumentScannerImpl.java:1013)
		at java.xml/com.sun.org.apache.xerces.internal.impl.XMLDocumentScannerImpl.next(XMLDocumentScannerImpl.java:605)
		at java.xml/com.sun.org.apache.xerces.internal.impl.XMLDocumentFragmentScannerImpl.scanDocument(XMLDocumentFragmentScannerImpl.java:534)
		at java.xml/com.sun.org.apache.xerces.internal.parsers.XML11Configuration.parse(XML11Configuration.java:888)
		at java.xml/com.sun.org.apache.xerces.internal.parsers.XML11Configuration.parse(XML11Configuration.java:824)
		at java.xml/com.sun.org.apache.xerces.internal.parsers.XMLParser.parse(XMLParser.java:141)
		at java.xml/com.sun.org.apache.xerces.internal.parsers.AbstractSAXParser.parse(AbstractSAXParser.java:1216)
		at java.xml/com.sun.org.apache.xerces.internal.jaxp.SAXParserImpl$JAXPSAXParser.parse(SAXParserImpl.java:635)
		at org.apache.tomcat.util.digester.Digester.parse(Digester.java:1535)
		at org.apache.tomcat.util.descriptor.web.WebXmlParser.parseWebXml(WebXmlParser.java:119)
		at org.apache.catalina.startup.ContextConfig.webConfig(ContextConfig.java:1277)
		at org.apache.catalina.startup.ContextConfig.configureStart(ContextConfig.java:986)
		at org.apache.catalina.startup.ContextConfig.lifecycleEvent(ContextConfig.java:303)
		at org.apache.catalina.util.LifecycleBase.fireLifecycleEvent(LifecycleBase.java:123)
		at org.apache.catalina.core.StandardContext.startInternal(StandardContext.java:5135)
		at org.apache.catalina.util.LifecycleBase.start(LifecycleBase.java:183)
		at org.apache.catalina.core.ContainerBase.addChildInternal(ContainerBase.java:726)
		at org.apache.catalina.core.ContainerBase.addChild(ContainerBase.java:698)
		at org.apache.catalina.core.StandardHost.addChild(StandardHost.java:696)
		at org.apache.catalina.startup.HostConfig.deployWAR(HostConfig.java:1024)
		at org.apache.catalina.startup.HostConfig.deployApps(HostConfig.java:544)
		at org.apache.catalina.startup.HostConfig.check(HostConfig.java:1690)
		at java.base/jdk.internal.reflect.NativeMethodAccessorImpl.invoke0(Native Method)
		at java.base/jdk.internal.reflect.NativeMethodAccessorImpl.invoke(NativeMethodAccessorImpl.java:62)
		at java.base/jdk.internal.reflect.DelegatingMethodAccessorImpl.invoke(DelegatingMethodAccessorImpl.java:43)
		at java.base/java.lang.reflect.Method.invoke(Method.java:566)
		at org.apache.tomcat.util.modeler.BaseModelMBean.invoke(BaseModelMBean.java:293)
		at java.management/com.sun.jmx.interceptor.DefaultMBeanServerInterceptor.invoke(DefaultMBeanServerInterceptor.java:809)
		at java.management/com.sun.jmx.mbeanserver.JmxMBeanServer.invoke(JmxMBeanServer.java:801)
		at org.apache.catalina.manager.ManagerServlet.check(ManagerServlet.java:1614)
		at org.apache.catalina.manager.HTMLManagerServlet.upload(HTMLManagerServlet.java:292)
		at org.apache.catalina.manager.HTMLManagerServlet.doPost(HTMLManagerServlet.java:210)
		at javax.servlet.http.HttpServlet.service(HttpServlet.java:681)
		at javax.servlet.http.HttpServlet.service(HttpServlet.java:764)
		at org.apache.catalina.core.ApplicationFilterChain.internalDoFilter(ApplicationFilterChain.java:227)
		at org.apache.catalina.core.ApplicationFilterChain.doFilter(ApplicationFilterChain.java:162)
		at org.apache.catalina.filters.CsrfPreventionFilter.doFilter(CsrfPreventionFilter.java:203)
		at org.apache.catalina.core.ApplicationFilterChain.internalDoFilter(ApplicationFilterChain.java:189)
		at org.apache.catalina.core.ApplicationFilterChain.doFilter(ApplicationFilterChain.java:162)
		at org.apache.tomcat.websocket.server.WsFilter.doFilter(WsFilter.java:53)
		at org.apache.catalina.core.ApplicationFilterChain.internalDoFilter(ApplicationFilterChain.java:189)
		at org.apache.catalina.core.ApplicationFilterChain.doFilter(ApplicationFilterChain.java:162)
		at org.apache.catalina.filters.HttpHeaderSecurityFilter.doFilter(HttpHeaderSecurityFilter.java:126)
		at org.apache.catalina.core.ApplicationFilterChain.internalDoFilter(ApplicationFilterChain.java:189)
		at org.apache.catalina.core.ApplicationFilterChain.doFilter(ApplicationFilterChain.java:162)
		at org.apache.catalina.core.StandardWrapperValve.invoke(StandardWrapperValve.java:197)
		at org.apache.catalina.core.StandardContextValve.invoke(StandardContextValve.java:97)
		at org.apache.catalina.authenticator.AuthenticatorBase.invoke(AuthenticatorBase.java:660)
		at org.apache.catalina.valves.RequestFilterValve.process(RequestFilterValve.java:378)
		at org.apache.catalina.valves.RemoteAddrValve.invoke(RemoteAddrValve.java:56)
		at org.apache.catalina.core.StandardHostValve.invoke(StandardHostValve.java:135)
		at org.apache.catalina.valves.ErrorReportValve.invoke(ErrorReportValve.java:92)
		at org.apache.catalina.valves.AbstractAccessLogValve.invoke(AbstractAccessLogValve.java:687)
		at org.apache.catalina.core.StandardEngineValve.invoke(StandardEngineValve.java:78)
		at org.apache.catalina.connector.CoyoteAdapter.service(CoyoteAdapter.java:360)
		at org.apache.coyote.http11.Http11Processor.service(Http11Processor.java:399)
		at org.apache.coyote.AbstractProcessorLight.process(AbstractProcessorLight.java:65)
		at org.apache.coyote.AbstractProtocol$ConnectionHandler.process(AbstractProtocol.java:890)
		at org.apache.tomcat.util.net.NioEndpoint$SocketProcessor.doRun(NioEndpoint.java:1787)
		at org.apache.tomcat.util.net.SocketProcessorBase.run(SocketProcessorBase.java:49)
		at org.apache.tomcat.util.threads.ThreadPoolExecutor.runWorker(ThreadPoolExecutor.java:1191)
		at org.apache.tomcat.util.threads.ThreadPoolExecutor$Worker.run(ThreadPoolExecutor.java:659)
		at org.apache.tomcat.util.threads.TaskThread$WrappingRunnable.run(TaskThread.java:61)
		at java.base/java.lang.Thread.run(Thread.java:829)
09-Jul-2024 10:34:45.147 SEVERE [http-nio-8080-exec-5] org.apache.tomcat.util.descriptor.web.WebXmlParser.parseWebXml Parse error in application web.xml file at [file:/D:/apache-tomcat-9.0.64/webapps/Devopsbatch-0.0.1-SNAPSHOT/WEB-INF/web.xml]
	org.xml.sax.SAXParseException; systemId: file:/D:/apache-tomcat-9.0.64/webapps/Devopsbatch-0.0.1-SNAPSHOT/WEB-INF/web.xml; lineNumber: 1; columnNumber: 39; Premature end of file.
		at java.xml/com.sun.org.apache.xerces.internal.util.ErrorHandlerWrapper.createSAXParseException(ErrorHandlerWrapper.java:204)
		at java.xml/com.sun.org.apache.xerces.internal.util.ErrorHandlerWrapper.fatalError(ErrorHandlerWrapper.java:178)
		at java.xml/com.sun.org.apache.xerces.internal.impl.XMLErrorReporter.reportError(XMLErrorReporter.java:400)
		at java.xml/com.sun.org.apache.xerces.internal.impl.XMLErrorReporter.reportError(XMLErrorReporter.java:327)
		at java.xml/com.sun.org.apache.xerces.internal.impl.XMLScanner.reportFatalError(XMLScanner.java:1465)
		at java.xml/com.sun.org.apache.xerces.internal.impl.XMLDocumentScannerImpl$PrologDriver.next(XMLDocumentScannerImpl.java:1013)
		at java.xml/com.sun.org.apache.xerces.internal.impl.XMLDocumentScannerImpl.next(XMLDocumentScannerImpl.java:605)
		at java.xml/com.sun.org.apache.xerces.internal.impl.XMLDocumentFragmentScannerImpl.scanDocument(XMLDocumentFragmentScannerImpl.java:534)
		at java.xml/com.sun.org.apache.xerces.internal.parsers.XML11Configuration.parse(XML11Configuration.java:888)
		at java.xml/com.sun.org.apache.xerces.internal.parsers.XML11Configuration.parse(XML11Configuration.java:824)
		at java.xml/com.sun.org.apache.xerces.internal.parsers.XMLParser.parse(XMLParser.java:141)
		at java.xml/com.sun.org.apache.xerces.internal.parsers.AbstractSAXParser.parse(AbstractSAXParser.java:1216)
		at java.xml/com.sun.org.apache.xerces.internal.jaxp.SAXParserImpl$JAXPSAXParser.parse(SAXParserImpl.java:635)
		at org.apache.tomcat.util.digester.Digester.parse(Digester.java:1535)
		at org.apache.tomcat.util.descriptor.web.WebXmlParser.parseWebXml(WebXmlParser.java:119)
		at org.apache.catalina.startup.ContextConfig.webConfig(ContextConfig.java:1277)
		at org.apache.catalina.startup.ContextConfig.configureStart(ContextConfig.java:986)
		at org.apache.catalina.startup.ContextConfig.lifecycleEvent(ContextConfig.java:303)
		at org.apache.catalina.util.LifecycleBase.fireLifecycleEvent(LifecycleBase.java:123)
		at org.apache.catalina.core.StandardContext.startInternal(StandardContext.java:5135)
		at org.apache.catalina.util.LifecycleBase.start(LifecycleBase.java:183)
		at org.apache.catalina.core.ContainerBase.addChildInternal(ContainerBase.java:726)
		at org.apache.catalina.core.ContainerBase.addChild(ContainerBase.java:698)
		at org.apache.catalina.core.StandardHost.addChild(StandardHost.java:696)
		at org.apache.catalina.startup.HostConfig.deployWAR(HostConfig.java:1024)
		at org.apache.catalina.startup.HostConfig.deployApps(HostConfig.java:544)
		at org.apache.catalina.startup.HostConfig.check(HostConfig.java:1690)
		at java.base/jdk.internal.reflect.NativeMethodAccessorImpl.invoke0(Native Method)
		at java.base/jdk.internal.reflect.NativeMethodAccessorImpl.invoke(NativeMethodAccessorImpl.java:62)
		at java.base/jdk.internal.reflect.DelegatingMethodAccessorImpl.invoke(DelegatingMethodAccessorImpl.java:43)
		at java.base/java.lang.reflect.Method.invoke(Method.java:566)
		at org.apache.tomcat.util.modeler.BaseModelMBean.invoke(BaseModelMBean.java:293)
		at java.management/com.sun.jmx.interceptor.DefaultMBeanServerInterceptor.invoke(DefaultMBeanServerInterceptor.java:809)
		at java.management/com.sun.jmx.mbeanserver.JmxMBeanServer.invoke(JmxMBeanServer.java:801)
		at org.apache.catalina.manager.ManagerServlet.check(ManagerServlet.java:1614)
		at org.apache.catalina.manager.HTMLManagerServlet.upload(HTMLManagerServlet.java:292)
		at org.apache.catalina.manager.HTMLManagerServlet.doPost(HTMLManagerServlet.java:210)
		at javax.servlet.http.HttpServlet.service(HttpServlet.java:681)
		at javax.servlet.http.HttpServlet.service(HttpServlet.java:764)
		at org.apache.catalina.core.ApplicationFilterChain.internalDoFilter(ApplicationFilterChain.java:227)
		at org.apache.catalina.core.ApplicationFilterChain.doFilter(ApplicationFilterChain.java:162)
		at org.apache.catalina.filters.CsrfPreventionFilter.doFilter(CsrfPreventionFilter.java:203)
		at org.apache.catalina.core.ApplicationFilterChain.internalDoFilter(ApplicationFilterChain.java:189)
		at org.apache.catalina.core.ApplicationFilterChain.doFilter(ApplicationFilterChain.java:162)
		at org.apache.tomcat.websocket.server.WsFilter.doFilter(WsFilter.java:53)
		at org.apache.catalina.core.ApplicationFilterChain.internalDoFilter(ApplicationFilterChain.java:189)
		at org.apache.catalina.core.ApplicationFilterChain.doFilter(ApplicationFilterChain.java:162)
		at org.apache.catalina.filters.HttpHeaderSecurityFilter.doFilter(HttpHeaderSecurityFilter.java:126)
		at org.apache.catalina.core.ApplicationFilterChain.internalDoFilter(ApplicationFilterChain.java:189)
		at org.apache.catalina.core.ApplicationFilterChain.doFilter(ApplicationFilterChain.java:162)
		at org.apache.catalina.core.StandardWrapperValve.invoke(StandardWrapperValve.java:197)
		at org.apache.catalina.core.StandardContextValve.invoke(StandardContextValve.java:97)
		at org.apache.catalina.authenticator.AuthenticatorBase.invoke(AuthenticatorBase.java:660)
		at org.apache.catalina.valves.RequestFilterValve.process(RequestFilterValve.java:378)
		at org.apache.catalina.valves.RemoteAddrValve.invoke(RemoteAddrValve.java:56)
		at org.apache.catalina.core.StandardHostValve.invoke(StandardHostValve.java:135)
		at org.apache.catalina.valves.ErrorReportValve.invoke(ErrorReportValve.java:92)
		at org.apache.catalina.valves.AbstractAccessLogValve.invoke(AbstractAccessLogValve.java:687)
		at org.apache.catalina.core.StandardEngineValve.invoke(StandardEngineValve.java:78)
		at org.apache.catalina.connector.CoyoteAdapter.service(CoyoteAdapter.java:360)
		at org.apache.coyote.http11.Http11Processor.service(Http11Processor.java:399)
		at org.apache.coyote.AbstractProcessorLight.process(AbstractProcessorLight.java:65)
		at org.apache.coyote.AbstractProtocol$ConnectionHandler.process(AbstractProtocol.java:890)
		at org.apache.tomcat.util.net.NioEndpoint$SocketProcessor.doRun(NioEndpoint.java:1787)
		at org.apache.tomcat.util.net.SocketProcessorBase.run(SocketProcessorBase.java:49)
		at org.apache.tomcat.util.threads.ThreadPoolExecutor.runWorker(ThreadPoolExecutor.java:1191)
		at org.apache.tomcat.util.threads.ThreadPoolExecutor$Worker.run(ThreadPoolExecutor.java:659)
		at org.apache.tomcat.util.threads.TaskThread$WrappingRunnable.run(TaskThread.java:61)
		at java.base/java.lang.Thread.run(Thread.java:829)
09-Jul-2024 10:34:45.181 SEVERE [http-nio-8080-exec-5] org.apache.tomcat.util.descriptor.web.WebXmlParser.parseWebXml Occurred at line [1] column [39]
09-Jul-2024 10:34:45.227 SEVERE [http-nio-8080-exec-5] org.apache.catalina.startup.ContextConfig.configureStart Marking this application unavailable due to previous error(s)
09-Jul-2024 10:34:45.373 SEVERE [http-nio-8080-exec-5] org.apache.catalina.core.StandardContext.startInternal One or more components marked the context as not correctly configured
09-Jul-2024 10:34:45.381 SEVERE [http-nio-8080-exec-5] org.apache.catalina.core.StandardContext.startInternal Context [/Devopsbatch-0.0.1-SNAPSHOT] startup failed due to previous errors
09-Jul-2024 10:34:45.575 INFO [http-nio-8080-exec-5] org.apache.catalina.startup.HostConfig.deployWAR Deployment of web application archive [D:\apache-tomcat-9.0.64\webapps\Devopsbatch-0.0.1-SNAPSHOT.war] has finished in [46,355] ms
09-Jul-2024 10:41:08.664 INFO [main] org.apache.catalina.core.StandardServer.await A valid shutdown command was received via the shutdown port. Stopping the Server instance.
09-Jul-2024 10:41:24.909 SEVERE [main] org.apache.catalina.startup.Catalina.stopServer Could not contact [localhost:8005] (base port [8005] and offset [0]). Tomcat may not be running.
09-Jul-2024 10:42:00.885 INFO [main] org.apache.catalina.startup.VersionLoggerListener.log Server version name:   Apache Tomcat/9.0.64
09-Jul-2024 10:42:00.902 INFO [main] org.apache.catalina.startup.VersionLoggerListener.log Server built:          Jun 2 2022 19:08:46 UTC
09-Jul-2024 10:42:00.907 INFO [main] org.apache.catalina.startup.VersionLoggerListener.log Server version number: 9.0.64.0
09-Jul-2024 10:42:00.914 INFO [main] org.apache.catalina.startup.VersionLoggerListener.log OS Name:               Windows 10
09-Jul-2024 10:42:00.915 INFO [main] org.apache.catalina.startup.VersionLoggerListener.log OS Version:            10.0
09-Jul-2024 10:42:00.916 INFO [main] org.apache.catalina.startup.VersionLoggerListener.log Architecture:          amd64
09-Jul-2024 10:42:00.916 INFO [main] org.apache.catalina.startup.VersionLoggerListener.log Java Home:             D:\Devopstools&Softwares\openlogic-openjdk-11.0.19+7-windows-x64
09-Jul-2024 10:42:00.917 INFO [main] org.apache.catalina.startup.VersionLoggerListener.log JVM Version:           11.0.19+7-adhoc..jdk11u
09-Jul-2024 10:42:00.921 INFO [main] org.apache.catalina.startup.VersionLoggerListener.log JVM Vendor:            OpenLogic
09-Jul-2024 10:42:00.924 INFO [main] org.apache.catalina.startup.VersionLoggerListener.log CATALINA_BASE:         D:\apache-tomcat-9.0.64
09-Jul-2024 10:42:00.931 INFO [main] org.apache.catalina.startup.VersionLoggerListener.log CATALINA_HOME:         D:\apache-tomcat-9.0.64
09-Jul-2024 10:42:00.956 INFO [main] org.apache.catalina.startup.VersionLoggerListener.log Command line argument: --add-opens=java.base/java.lang=ALL-UNNAMED
09-Jul-2024 10:42:00.964 INFO [main] org.apache.catalina.startup.VersionLoggerListener.log Command line argument: --add-opens=java.base/java.io=ALL-UNNAMED
09-Jul-2024 10:42:00.972 INFO [main] org.apache.catalina.startup.VersionLoggerListener.log Command line argument: --add-opens=java.base/java.util=ALL-UNNAMED
09-Jul-2024 10:42:00.999 INFO [main] org.apache.catalina.startup.VersionLoggerListener.log Command line argument: --add-opens=java.base/java.util.concurrent=ALL-UNNAMED
09-Jul-2024 10:42:01.013 INFO [main] org.apache.catalina.startup.VersionLoggerListener.log Command line argument: --add-opens=java.rmi/sun.rmi.transport=ALL-UNNAMED
09-Jul-2024 10:42:01.015 INFO [main] org.apache.catalina.startup.VersionLoggerListener.log Command line argument: -Djava.util.logging.config.file=D:\apache-tomcat-9.0.64\conf\logging.properties
09-Jul-2024 10:42:01.018 INFO [main] org.apache.catalina.startup.VersionLoggerListener.log Command line argument: -Djava.util.logging.manager=org.apache.juli.ClassLoaderLogManager
09-Jul-2024 10:42:01.020 INFO [main] org.apache.catalina.startup.VersionLoggerListener.log Command line argument: -Djdk.tls.ephemeralDHKeySize=2048
09-Jul-2024 10:42:01.021 INFO [main] org.apache.catalina.startup.VersionLoggerListener.log Command line argument: -Djava.protocol.handler.pkgs=org.apache.catalina.webresources
09-Jul-2024 10:42:01.022 INFO [main] org.apache.catalina.startup.VersionLoggerListener.log Command line argument: -Dignore.endorsed.dirs=
09-Jul-2024 10:42:01.023 INFO [main] org.apache.catalina.startup.VersionLoggerListener.log Command line argument: -Dcatalina.base=D:\apache-tomcat-9.0.64
09-Jul-2024 10:42:01.024 INFO [main] org.apache.catalina.startup.VersionLoggerListener.log Command line argument: -Dcatalina.home=D:\apache-tomcat-9.0.64
09-Jul-2024 10:42:01.026 INFO [main] org.apache.catalina.startup.VersionLoggerListener.log Command line argument: -Djava.io.tmpdir=D:\apache-tomcat-9.0.64\temp
09-Jul-2024 10:42:01.053 INFO [main] org.apache.catalina.core.AprLifecycleListener.lifecycleEvent Loaded Apache Tomcat Native library [1.2.33] using APR version [1.7.0].
09-Jul-2024 10:42:01.055 INFO [main] org.apache.catalina.core.AprLifecycleListener.lifecycleEvent APR capabilities: IPv6 [true], sendfile [true], accept filters [false], random [true], UDS [true].
09-Jul-2024 10:42:01.057 INFO [main] org.apache.catalina.core.AprLifecycleListener.lifecycleEvent APR/OpenSSL configuration: useAprConnector [false], useOpenSSL [true]
09-Jul-2024 10:42:01.181 INFO [main] org.apache.catalina.core.AprLifecycleListener.initializeSSL OpenSSL successfully initialized [OpenSSL 1.1.1o  3 May 2022]
09-Jul-2024 10:42:03.267 INFO [main] org.apache.coyote.AbstractProtocol.init Initializing ProtocolHandler ["http-nio-8080"]
09-Jul-2024 10:42:03.433 INFO [main] org.apache.catalina.startup.Catalina.load Server initialization in [3155] milliseconds
09-Jul-2024 10:42:03.682 INFO [main] org.apache.catalina.core.StandardService.startInternal Starting service [Catalina]
09-Jul-2024 10:42:03.683 INFO [main] org.apache.catalina.core.StandardEngine.startInternal Starting Servlet engine: [Apache Tomcat/9.0.64]
09-Jul-2024 10:42:03.706 INFO [main] org.apache.catalina.startup.HostConfig.deployDirectory Deploying web application directory [D:\apache-tomcat-9.0.64\webapps\docs]
09-Jul-2024 10:42:04.850 WARNING [main] org.apache.catalina.util.SessionIdGeneratorBase.createSecureRandom Creation of SecureRandom instance for session ID generation using [SHA1PRNG] took [389] milliseconds.
09-Jul-2024 10:42:04.902 INFO [main] org.apache.catalina.startup.HostConfig.deployDirectory Deployment of web application directory [D:\apache-tomcat-9.0.64\webapps\docs] has finished in [1,196] ms
09-Jul-2024 10:42:04.926 INFO [main] org.apache.catalina.startup.HostConfig.deployDirectory Deploying web application directory [D:\apache-tomcat-9.0.64\webapps\examples]
09-Jul-2024 10:42:05.730 INFO [main] org.apache.catalina.startup.HostConfig.deployDirectory Deployment of web application directory [D:\apache-tomcat-9.0.64\webapps\examples] has finished in [806] ms
09-Jul-2024 10:42:05.734 INFO [main] org.apache.catalina.startup.HostConfig.deployDirectory Deploying web application directory [D:\apache-tomcat-9.0.64\webapps\host-manager]
09-Jul-2024 10:42:05.868 INFO [main] org.apache.catalina.startup.HostConfig.deployDirectory Deployment of web application directory [D:\apache-tomcat-9.0.64\webapps\host-manager] has finished in [135] ms
09-Jul-2024 10:42:05.870 INFO [main] org.apache.catalina.startup.HostConfig.deployDirectory Deploying web application directory [D:\apache-tomcat-9.0.64\webapps\manager]
09-Jul-2024 10:42:05.986 INFO [main] org.apache.catalina.startup.HostConfig.deployDirectory Deployment of web application directory [D:\apache-tomcat-9.0.64\webapps\manager] has finished in [116] ms
09-Jul-2024 10:42:05.989 INFO [main] org.apache.catalina.startup.HostConfig.deployDirectory Deploying web application directory [D:\apache-tomcat-9.0.64\webapps\ROOT]
09-Jul-2024 10:42:06.073 INFO [main] org.apache.catalina.startup.HostConfig.deployDirectory Deployment of web application directory [D:\apache-tomcat-9.0.64\webapps\ROOT] has finished in [83] ms
09-Jul-2024 10:42:06.116 INFO [main] org.apache.coyote.AbstractProtocol.start Starting ProtocolHandler ["http-nio-8080"]
09-Jul-2024 10:42:06.610 INFO [main] org.apache.catalina.startup.Catalina.start Server startup in [3166] milliseconds
09-Jul-2024 10:43:21.490 INFO [http-nio-8080-exec-6] org.apache.catalina.startup.HostConfig.deployWAR Deploying web application archive [D:\apache-tomcat-9.0.64\webapps\Devopsbatch-0.0.1-SNAPSHOT.war]
09-Jul-2024 10:43:31.112 INFO [http-nio-8080-exec-6] org.apache.catalina.startup.HostConfig.deployWAR Deployment of web application archive [D:\apache-tomcat-9.0.64\webapps\Devopsbatch-0.0.1-SNAPSHOT.war] has finished in [9,622] ms
09-Jul-2024 10:47:34.330 INFO [main] org.apache.catalina.core.StandardServer.await A valid shutdown command was received via the shutdown port. Stopping the Server instance.
09-Jul-2024 10:47:34.331 INFO [main] org.apache.coyote.AbstractProtocol.pause Pausing ProtocolHandler ["http-nio-8080"]
09-Jul-2024 10:47:34.900 INFO [main] org.apache.catalina.core.StandardService.stopInternal Stopping service [Catalina]
09-Jul-2024 10:47:35.451 INFO [main] org.apache.coyote.AbstractProtocol.stop Stopping ProtocolHandler ["http-nio-8080"]
09-Jul-2024 10:47:35.468 INFO [main] org.apache.coyote.AbstractProtocol.destroy Destroying ProtocolHandler ["http-nio-8080"]
