23-Jan-2024 10:26:28.504 INFO [main] org.apache.catalina.core.ApplicationContext.log ContextListener: contextInitialized()
23-Jan-2024 10:26:28.510 INFO [main] org.apache.catalina.core.ApplicationContext.log SessionListener: contextInitialized()
23-Jan-2024 10:26:28.514 INFO [main] org.apache.catalina.core.ApplicationContext.log ContextListener: attributeAdded('StockTicker', 'async.Stockticker@1e53135d')
23-Jan-2024 10:39:20.657 INFO [main] org.apache.catalina.core.ApplicationContext.log ContextListener: contextInitialized()
23-Jan-2024 10:39:20.658 INFO [main] org.apache.catalina.core.ApplicationContext.log SessionListener: contextInitialized()
23-Jan-2024 10:39:20.662 INFO [main] org.apache.catalina.core.ApplicationContext.log ContextListener: attributeAdded('StockTicker', 'async.Stockticker@7bdf6bb7')
23-Jan-2024 10:44:59.935 INFO [main] org.apache.catalina.core.ApplicationContext.log SessionListener: contextDestroyed()
23-Jan-2024 10:44:59.935 INFO [main] org.apache.catalina.core.ApplicationContext.log ContextListener: contextDestroyed()
23-Jan-2024 10:45:24.534 INFO [main] org.apache.catalina.core.ApplicationContext.log ContextListener: contextInitialized()
23-Jan-2024 10:45:24.550 INFO [main] org.apache.catalina.core.ApplicationContext.log SessionListener: contextInitialized()
23-Jan-2024 10:45:24.550 INFO [main] org.apache.catalina.core.ApplicationContext.log ContextListener: attributeAdded('StockTicker', 'async.Stockticker@7bdf6bb7')
23-Jan-2024 10:53:36.422 INFO [main] org.apache.catalina.core.ApplicationContext.log SessionListener: contextDestroyed()
23-Jan-2024 10:53:36.422 INFO [main] org.apache.catalina.core.ApplicationContext.log ContextListener: contextDestroyed()
23-Jan-2024 10:54:11.175 INFO [main] org.apache.catalina.core.ApplicationContext.log ContextListener: contextInitialized()
23-Jan-2024 10:54:11.175 INFO [main] org.apache.catalina.core.ApplicationContext.log SessionListener: contextInitialized()
23-Jan-2024 10:54:11.179 INFO [main] org.apache.catalina.core.ApplicationContext.log ContextListener: attributeAdded('StockTicker', 'async.Stockticker@7bdf6bb7')
23-Jan-2024 10:56:01.885 INFO [main] org.apache.catalina.core.ApplicationContext.log SessionListener: contextDestroyed()
23-Jan-2024 10:56:01.885 INFO [main] org.apache.catalina.core.ApplicationContext.log ContextListener: contextDestroyed()
23-Jan-2024 11:25:21.773 INFO [main] org.apache.catalina.core.ApplicationContext.log ContextListener: contextInitialized()
23-Jan-2024 11:25:21.774 INFO [main] org.apache.catalina.core.ApplicationContext.log SessionListener: contextInitialized()
23-Jan-2024 11:25:21.774 INFO [main] org.apache.catalina.core.ApplicationContext.log ContextListener: attributeAdded('StockTicker', 'async.Stockticker@7dd712e8')
23-Jan-2024 11:27:18.991 INFO [main] org.apache.catalina.core.ApplicationContext.log SessionListener: contextDestroyed()
23-Jan-2024 11:27:18.992 INFO [main] org.apache.catalina.core.ApplicationContext.log ContextListener: contextDestroyed()
23-Jan-2024 11:28:27.345 INFO [main] org.apache.catalina.core.ApplicationContext.log ContextListener: contextInitialized()
23-Jan-2024 11:28:27.345 INFO [main] org.apache.catalina.core.ApplicationContext.log SessionListener: contextInitialized()
23-Jan-2024 11:28:27.348 INFO [main] org.apache.catalina.core.ApplicationContext.log ContextListener: attributeAdded('StockTicker', 'async.Stockticker@2fa7ae9')
23-Jan-2024 18:57:44.393 INFO [main] org.apache.catalina.core.ApplicationContext.log ContextListener: contextInitialized()
23-Jan-2024 18:57:44.397 INFO [main] org.apache.catalina.core.ApplicationContext.log SessionListener: contextInitialized()
23-Jan-2024 18:57:44.400 INFO [main] org.apache.catalina.core.ApplicationContext.log ContextListener: attributeAdded('StockTicker', 'async.Stockticker@47d93e0d')
23-Jan-2024 18:59:39.568 INFO [main] org.apache.catalina.core.ApplicationContext.log SessionListener: contextDestroyed()
23-Jan-2024 18:59:39.569 INFO [main] org.apache.catalina.core.ApplicationContext.log ContextListener: contextDestroyed()
