31-Aug-2024 15:52:05.143 INFO [main] org.apache.catalina.core.ApplicationContext.log ContextListener: contextInitialized()
31-Aug-2024 15:52:05.143 INFO [main] org.apache.catalina.core.ApplicationContext.log SessionListener: contextInitialized()
31-Aug-2024 15:52:05.143 INFO [main] org.apache.catalina.core.ApplicationContext.log ContextListener: attributeAdded('StockTicker', 'async.Stockticker@4cc8eb05')
31-Aug-2024 15:54:06.632 INFO [main] org.apache.catalina.core.ApplicationContext.log SessionListener: contextDestroyed()
31-Aug-2024 15:54:06.632 INFO [main] org.apache.catalina.core.ApplicationContext.log ContextListener: contextDestroyed()
31-Aug-2024 15:55:38.917 INFO [main] org.apache.catalina.core.ApplicationContext.log ContextListener: contextInitialized()
31-Aug-2024 15:55:38.919 INFO [main] org.apache.catalina.core.ApplicationContext.log SessionListener: contextInitialized()
31-Aug-2024 15:55:38.924 INFO [main] org.apache.catalina.core.ApplicationContext.log ContextListener: attributeAdded('StockTicker', 'async.Stockticker@4cc8eb05')
31-Aug-2024 15:58:26.020 INFO [main] org.apache.catalina.core.ApplicationContext.log SessionListener: contextDestroyed()
31-Aug-2024 15:58:26.026 INFO [main] org.apache.catalina.core.ApplicationContext.log ContextListener: contextDestroyed()
31-Aug-2024 16:02:37.754 INFO [main] org.apache.catalina.core.ApplicationContext.log ContextListener: contextInitialized()
31-Aug-2024 16:02:37.754 INFO [main] org.apache.catalina.core.ApplicationContext.log SessionListener: contextInitialized()
31-Aug-2024 16:02:37.754 INFO [main] org.apache.catalina.core.ApplicationContext.log ContextListener: attributeAdded('StockTicker', 'async.Stockticker@4cc8eb05')
31-Aug-2024 16:04:53.840 INFO [main] org.apache.catalina.core.ApplicationContext.log SessionListener: contextDestroyed()
31-Aug-2024 16:04:53.840 INFO [main] org.apache.catalina.core.ApplicationContext.log ContextListener: contextDestroyed()
31-Aug-2024 16:09:17.464 INFO [main] org.apache.catalina.core.ApplicationContext.log ContextListener: contextInitialized()
31-Aug-2024 16:09:17.464 INFO [main] org.apache.catalina.core.ApplicationContext.log SessionListener: contextInitialized()
31-Aug-2024 16:09:17.472 INFO [main] org.apache.catalina.core.ApplicationContext.log ContextListener: attributeAdded('StockTicker', 'async.Stockticker@4cc8eb05')
31-Aug-2024 16:12:48.999 INFO [main] org.apache.catalina.core.ApplicationContext.log SessionListener: contextDestroyed()
31-Aug-2024 16:12:48.999 INFO [main] org.apache.catalina.core.ApplicationContext.log ContextListener: contextDestroyed()
31-Aug-2024 16:13:44.052 INFO [main] org.apache.catalina.core.ApplicationContext.log ContextListener: contextInitialized()
31-Aug-2024 16:13:44.055 INFO [main] org.apache.catalina.core.ApplicationContext.log SessionListener: contextInitialized()
31-Aug-2024 16:13:44.059 INFO [main] org.apache.catalina.core.ApplicationContext.log ContextListener: attributeAdded('StockTicker', 'async.Stockticker@4cc8eb05')
31-Aug-2024 16:14:54.093 INFO [main] org.apache.catalina.core.ApplicationContext.log SessionListener: contextDestroyed()
31-Aug-2024 16:14:54.094 INFO [main] org.apache.catalina.core.ApplicationContext.log ContextListener: contextDestroyed()
31-Aug-2024 16:21:19.536 INFO [main] org.apache.catalina.core.ApplicationContext.log ContextListener: contextInitialized()
31-Aug-2024 16:21:19.536 INFO [main] org.apache.catalina.core.ApplicationContext.log SessionListener: contextInitialized()
31-Aug-2024 16:21:19.548 INFO [main] org.apache.catalina.core.ApplicationContext.log ContextListener: attributeAdded('StockTicker', 'async.Stockticker@4cc8eb05')
31-Aug-2024 16:29:53.676 INFO [main] org.apache.catalina.core.ApplicationContext.log SessionListener: contextDestroyed()
31-Aug-2024 16:29:53.676 INFO [main] org.apache.catalina.core.ApplicationContext.log ContextListener: contextDestroyed()
31-Aug-2024 16:30:46.640 INFO [main] org.apache.catalina.core.ApplicationContext.log ContextListener: contextInitialized()
31-Aug-2024 16:30:46.642 INFO [main] org.apache.catalina.core.ApplicationContext.log SessionListener: contextInitialized()
31-Aug-2024 16:30:46.647 INFO [main] org.apache.catalina.core.ApplicationContext.log ContextListener: attributeAdded('StockTicker', 'async.Stockticker@74455848')
31-Aug-2024 16:33:23.067 INFO [main] org.apache.catalina.core.ApplicationContext.log SessionListener: contextDestroyed()
31-Aug-2024 16:33:23.067 INFO [main] org.apache.catalina.core.ApplicationContext.log ContextListener: contextDestroyed()
